2025-10-19 15:03:17,667 [INFO] ============================================================
2025-10-19 15:03:17,668 [INFO] 彩票分析系统托盘服务启动
2025-10-19 15:03:17,668 [INFO] ============================================================
2025-10-19 15:03:17,668 [INFO] ============================================================
2025-10-19 15:03:17,668 [INFO] 启动彩票分析系统服务
2025-10-19 15:03:17,668 [INFO] ============================================================
2025-10-19 15:03:17,673 [INFO] 正在启动后端服务...
2025-10-19 15:03:22,750 [INFO] ✓ 后端服务启动成功
2025-10-19 15:03:22,768 [INFO] 正在启动前端服务...
2025-10-19 15:03:23,856 [INFO] ✓ 前端服务启动成功
2025-10-19 15:03:23,857 [INFO] ============================================================
2025-10-19 15:03:23,857 [INFO] ✓ 所有服务启动成功
2025-10-19 15:03:23,858 [INFO] 后端地址: http://localhost:8000
2025-10-19 15:03:23,858 [INFO] 前端地址: http://localhost:8080
2025-10-19 15:03:23,858 [INFO] ============================================================
2025-10-19 15:03:23,872 [INFO] 托盘图标已创建，等待用户操作...
2025-10-19 15:04:06,216 [INFO] 打开网站: http://localhost:8080
2025-10-19 15:04:10,186 [INFO] 后端服务: ✓ 运行中
前端服务: ✓ 运行中
2025-10-19 15:04:18,123 [INFO] 后端服务: ✓ 运行中
前端服务: ✓ 运行中
2025-10-19 15:47:56,186 [INFO] 后端服务: ✗ 已停止
前端服务: ✓ 运行中
2025-10-19 15:47:57,384 [INFO] 用户请求重启服务
2025-10-19 15:47:57,385 [INFO] ============================================================
2025-10-19 15:47:57,386 [INFO] 正在停止所有服务...
2025-10-19 15:47:57,386 [INFO] ============================================================
2025-10-19 15:47:57,387 [INFO] 正在停止后端服务...
2025-10-19 15:47:57,423 [INFO] ✓ 后端服务已停止
2025-10-19 15:47:57,424 [INFO] 正在停止前端服务...
2025-10-19 15:47:57,436 [INFO] ✓ 前端服务已停止
2025-10-19 15:47:57,436 [INFO] ============================================================
2025-10-19 15:47:57,436 [INFO] ✓ 所有服务已停止
2025-10-19 15:47:57,436 [INFO] ============================================================
2025-10-19 15:47:59,438 [INFO] ============================================================
2025-10-19 15:47:59,438 [INFO] 启动彩票分析系统服务
2025-10-19 15:47:59,438 [INFO] ============================================================
2025-10-19 15:47:59,440 [INFO] 正在启动后端服务...
2025-10-19 15:48:02,489 [INFO] ✓ 后端服务启动成功
2025-10-19 15:48:02,491 [INFO] 正在启动前端服务...
2025-10-19 15:48:03,552 [INFO] ✓ 前端服务启动成功
2025-10-19 15:48:03,552 [INFO] ============================================================
2025-10-19 15:48:03,553 [INFO] ✓ 所有服务启动成功
2025-10-19 15:48:03,553 [INFO] 后端地址: http://localhost:8000
2025-10-19 15:48:03,553 [INFO] 前端地址: http://localhost:8080
2025-10-19 15:48:03,553 [INFO] ============================================================
2025-10-19 15:48:04,404 [INFO] 打开网站: http://localhost:8080
2025-10-19 19:59:54,251 [INFO] 用户请求重启服务
2025-10-19 19:59:54,253 [INFO] ============================================================
2025-10-19 19:59:54,253 [INFO] 正在停止所有服务...
2025-10-19 19:59:54,254 [INFO] ============================================================
2025-10-19 19:59:54,254 [INFO] 正在停止后端服务...
2025-10-19 19:59:54,308 [INFO] ✓ 后端服务已停止
2025-10-19 19:59:54,308 [INFO] 正在停止前端服务...
2025-10-19 19:59:54,320 [INFO] ✓ 前端服务已停止
2025-10-19 19:59:54,321 [INFO] ============================================================
2025-10-19 19:59:54,321 [INFO] ✓ 所有服务已停止
2025-10-19 19:59:54,321 [INFO] ============================================================
2025-10-19 19:59:56,321 [INFO] ============================================================
2025-10-19 19:59:56,322 [INFO] 启动彩票分析系统服务
2025-10-19 19:59:56,323 [INFO] ============================================================
2025-10-19 19:59:56,325 [INFO] 正在启动后端服务...
2025-10-19 20:00:01,375 [INFO] ✓ 后端服务启动成功
2025-10-19 20:00:01,379 [INFO] 正在启动前端服务...
2025-10-19 20:00:02,422 [INFO] ✓ 前端服务启动成功
2025-10-19 20:00:02,423 [INFO] ============================================================
2025-10-19 20:00:02,423 [INFO] ✓ 所有服务启动成功
2025-10-19 20:00:02,424 [INFO] 后端地址: http://localhost:8000
2025-10-19 20:00:02,425 [INFO] 前端地址: http://localhost:8080
2025-10-19 20:00:02,425 [INFO] ============================================================
2025-10-19 20:01:04,584 [INFO] 用户请求退出应用
2025-10-19 20:01:04,586 [INFO] ============================================================
2025-10-19 20:01:04,586 [INFO] 正在停止所有服务...
2025-10-19 20:01:04,586 [INFO] ============================================================
2025-10-19 20:01:04,587 [INFO] 正在停止后端服务...
2025-10-19 20:01:04,636 [INFO] ✓ 后端服务已停止
2025-10-19 20:01:04,636 [INFO] 正在停止前端服务...
2025-10-19 20:01:04,648 [INFO] ✓ 前端服务已停止
2025-10-19 20:01:04,648 [INFO] ============================================================
2025-10-19 20:01:04,649 [INFO] ✓ 所有服务已停止
2025-10-19 20:01:04,649 [INFO] ============================================================
2025-10-19 20:01:04,649 [INFO] 应用已退出
